<?xml version="1.0" encoding="UTF-8"?>
<!-- Generated by org.testng.reporters.JUnitXMLReporter -->
<testsuite hostname="DESKTOP-MRGJIDD" ignored="0" name="Default test" tests="9" failures="0" timestamp="10 May 2019 11:45:52 GMT" time="18.691" errors="0">
  <testcase name="openBranchPageTest" time="1.415" classname="ServiceNow.Gurukula.BranchTests"/>
  <testcase name="createNewBranchTest" time="1.187" classname="ServiceNow.Gurukula.BranchTests"/>
  <testcase name="invalidBranchNameTest" time="1.052" classname="ServiceNow.Gurukula.BranchTests"/>
  <testcase name="invalidBranchCodeTest" time="1.165" classname="ServiceNow.Gurukula.BranchTests"/>
  <testcase name="viewBranchTest" time="0.495" classname="ServiceNow.Gurukula.BranchTests"/>
  <testcase name="editBranch" time="1.296" classname="ServiceNow.Gurukula.BranchTests"/>
  <testcase name="queryBranchByCode" time="1.6" classname="ServiceNow.Gurukula.BranchTests"/>
  <testcase name="queryBranchByName" time="1.625" classname="ServiceNow.Gurukula.BranchTests"/>
  <testcase name="deleteBranch" time="1.535" classname="ServiceNow.Gurukula.BranchTests"/>
</testsuite> <!-- Default test -->
