<?xml version="1.0" encoding="UTF-8"?>
<testng-results skipped="0" failed="0" ignored="0" total="1" passed="1">
  <reporter-output>
  </reporter-output>
  <suite name="Default suite" duration-ms="14038" started-at="2019-05-08T18:34:02Z" finished-at="2019-05-08T18:34:16Z">
    <groups>
    </groups>
    <test name="Default test" duration-ms="14038" started-at="2019-05-08T18:34:02Z" finished-at="2019-05-08T18:34:16Z">
      <class name="ServiceNow.Gurukula.LoginTests">
        <test-method status="PASS" signature="initiateGurukula()[pri:0, instance:ServiceNow.Gurukula.LoginTests@c038203]" name="initiateGurukula" is-config="true" duration-ms="9506" started-at="2019-05-08T18:34:02Z" finished-at="2019-05-08T18:34:11Z">
          <reporter-output>
          </reporter-output>
        </test-method> <!-- initiateGurukula -->
        <test-method status="PASS" signature="loginAdmin()[pri:0, instance:ServiceNow.Gurukula.LoginTests@c038203]" name="loginAdmin" duration-ms="3547" started-at="2019-05-08T18:34:11Z" finished-at="2019-05-08T18:34:15Z">
          <reporter-output>
          </reporter-output>
        </test-method> <!-- loginAdmin -->
        <test-method status="PASS" signature="closeDriver()[pri:0, instance:ServiceNow.Gurukula.LoginTests@c038203]" name="closeDriver" is-config="true" duration-ms="958" started-at="2019-05-08T18:34:15Z" finished-at="2019-05-08T18:34:16Z">
          <reporter-output>
          </reporter-output>
        </test-method> <!-- closeDriver -->
      </class> <!-- ServiceNow.Gurukula.LoginTests -->
    </test> <!-- Default test -->
  </suite> <!-- Default suite -->
</testng-results>
